{"C:\\Users\\jonathan\\Desktop\\Proyectos\\MIR\\Assesment\\assessment2\\src\\app.js": {"path":"C:\\Users\\jonathan\\Desktop\\Proyectos\\MIR\\Assesment\\assessment2\\src\\app.js","statementMap":{"0":{"start":{"line":1,"column":0},"end":{"line":1,"column":27}},"1":{"start":{"line":3,"column":16},"end":{"line":3,"column":34}},"2":{"start":{"line":4,"column":13},"end":{"line":4,"column":28}},"3":{"start":{"line":5,"column":19},"end":{"line":5,"column":50}},"4":{"start":{"line":6,"column":22},"end":{"line":6,"column":56}},"5":{"start":{"line":7,"column":19},"end":{"line":7,"column":50}},"6":{"start":{"line":9,"column":12},"end":{"line":9,"column":21}},"7":{"start":{"line":11,"column":0},"end":{"line":11,"column":24}},"8":{"start":{"line":12,"column":0},"end":{"line":12,"column":16}},"9":{"start":{"line":14,"column":0},"end":{"line":14,"column":30}},"10":{"start":{"line":15,"column":0},"end":{"line":15,"column":32}},"11":{"start":{"line":16,"column":0},"end":{"line":16,"column":30}},"12":{"start":{"line":18,"column":0},"end":{"line":18,"column":21}}},"fnMap":{},"branchMap":{},"s":{"0":1,"1":1,"2":1,"3":1,"4":1,"5":1,"6":1,"7":1,"8":1,"9":1,"10":1,"11":1,"12":1},"f":{},"b":{},"_coverageSchema":"1a1c01bbd47fc00a2c39e90264f33305004495a9","hash":"ab311378b2f5bc693e553688e4151dfdd2bcb79f"}
,"C:\\Users\\jonathan\\Desktop\\Proyectos\\MIR\\Assesment\\assessment2\\src\\db.js": {"path":"C:\\Users\\jonathan\\Desktop\\Proyectos\\MIR\\Assesment\\assessment2\\src\\db.js","statementMap":{"0":{"start":{"line":1,"column":17},"end":{"line":1,"column":36}},"1":{"start":{"line":6,"column":2},"end":{"line":6,"column":25}},"2":{"start":{"line":6,"column":18},"end":{"line":6,"column":25}},"3":{"start":{"line":8,"column":14},"end":{"line":8,"column":77}},"4":{"start":{"line":10,"column":18},"end":{"line":13,"column":3}},"5":{"start":{"line":15,"column":2},"end":{"line":15,"column":35}},"6":{"start":{"line":17,"column":2},"end":{"line":19,"column":4}},"7":{"start":{"line":18,"column":4},"end":{"line":18,"column":54}},"8":{"start":{"line":20,"column":2},"end":{"line":20,"column":79}},"9":{"start":{"line":20,"column":38},"end":{"line":20,"column":77}},"10":{"start":{"line":21,"column":2},"end":{"line":21,"column":76}},"11":{"start":{"line":21,"column":34},"end":{"line":21,"column":74}},"12":{"start":{"line":23,"column":2},"end":{"line":23,"column":39}},"13":{"start":{"line":27,"column":2},"end":{"line":27,"column":26}},"14":{"start":{"line":27,"column":19},"end":{"line":27,"column":26}},"15":{"start":{"line":29,"column":2},"end":{"line":29,"column":30}},"16":{"start":{"line":33,"column":2},"end":{"line":35,"column":3}},"17":{"start":{"line":34,"column":4},"end":{"line":34,"column":60}},"18":{"start":{"line":38,"column":0},"end":{"line":38,"column":52}}},"fnMap":{"0":{"name":"connect","decl":{"start":{"line":5,"column":15},"end":{"line":5,"column":22}},"loc":{"start":{"line":5,"column":25},"end":{"line":24,"column":1}},"line":5},"1":{"name":"(anonymous_1)","decl":{"start":{"line":17,"column":26},"end":{"line":17,"column":27}},"loc":{"start":{"line":18,"column":4},"end":{"line":18,"column":54}},"line":18},"2":{"name":"(anonymous_2)","decl":{"start":{"line":20,"column":32},"end":{"line":20,"column":33}},"loc":{"start":{"line":20,"column":38},"end":{"line":20,"column":77}},"line":20},"3":{"name":"(anonymous_3)","decl":{"start":{"line":21,"column":25},"end":{"line":21,"column":26}},"loc":{"start":{"line":21,"column":34},"end":{"line":21,"column":74}},"line":21},"4":{"name":"disconnected","decl":{"start":{"line":26,"column":15},"end":{"line":26,"column":27}},"loc":{"start":{"line":26,"column":30},"end":{"line":30,"column":1}},"line":26},"5":{"name":"cleanup","decl":{"start":{"line":32,"column":15},"end":{"line":32,"column":22}},"loc":{"start":{"line":32,"column":25},"end":{"line":36,"column":1}},"line":32}},"branchMap":{"0":{"loc":{"start":{"line":6,"column":2},"end":{"line":6,"column":25}},"type":"if","locations":[{"start":{"line":6,"column":2},"end":{"line":6,"column":25}},{"start":{},"end":{}}],"line":6},"1":{"loc":{"start":{"line":8,"column":14},"end":{"line":8,"column":77}},"type":"binary-expr","locations":[{"start":{"line":8,"column":14},"end":{"line":8,"column":35}},{"start":{"line":8,"column":39},"end":{"line":8,"column":77}}],"line":8},"2":{"loc":{"start":{"line":27,"column":2},"end":{"line":27,"column":26}},"type":"if","locations":[{"start":{"line":27,"column":2},"end":{"line":27,"column":26}},{"start":{},"end":{}}],"line":27}},"s":{"0":2,"1":2,"2":0,"3":2,"4":2,"5":2,"6":2,"7":2,"8":2,"9":2,"10":2,"11":0,"12":2,"13":2,"14":0,"15":2,"16":5,"17":12,"18":2},"f":{"0":2,"1":2,"2":2,"3":0,"4":2,"5":5},"b":{"0":[0,2],"1":[2,0],"2":[0,2]},"_coverageSchema":"1a1c01bbd47fc00a2c39e90264f33305004495a9","hash":"0f04d43225522d64ab6fca98478ad87b561192bd"}
,"C:\\Users\\jonathan\\Desktop\\Proyectos\\MIR\\Assesment\\assessment2\\src\\controllers\\item.controller.js": {"path":"C:\\Users\\jonathan\\Desktop\\Proyectos\\MIR\\Assesment\\assessment2\\src\\controllers\\item.controller.js","statementMap":{"0":{"start":{"line":1,"column":16},"end":{"line":1,"column":50}},"1":{"start":{"line":2,"column":13},"end":{"line":2,"column":44}},"2":{"start":{"line":4,"column":0},"end":{"line":19,"column":2}},"3":{"start":{"line":6,"column":4},"end":{"line":17,"column":5}},"4":{"start":{"line":7,"column":25},"end":{"line":7,"column":35}},"5":{"start":{"line":9,"column":22},"end":{"line":9,"column":52}},"6":{"start":{"line":11,"column":19},"end":{"line":11,"column":71}},"7":{"start":{"line":12,"column":6},"end":{"line":12,"column":31}},"8":{"start":{"line":13,"column":6},"end":{"line":13,"column":56}},"9":{"start":{"line":14,"column":6},"end":{"line":14,"column":68}},"10":{"start":{"line":16,"column":6},"end":{"line":16,"column":55}}},"fnMap":{"0":{"name":"(anonymous_0)","decl":{"start":{"line":5,"column":2},"end":{"line":5,"column":3}},"loc":{"start":{"line":5,"column":25},"end":{"line":18,"column":3}},"line":5}},"branchMap":{},"s":{"0":1,"1":1,"2":1,"3":0,"4":0,"5":0,"6":0,"7":0,"8":0,"9":0,"10":0},"f":{"0":0},"b":{},"_coverageSchema":"1a1c01bbd47fc00a2c39e90264f33305004495a9","hash":"8ce2ed4a3a3061011e1121b8bcbfc3fbe54d9072"}
,"C:\\Users\\jonathan\\Desktop\\Proyectos\\MIR\\Assesment\\assessment2\\src\\controllers\\listFav.controller.js": {"path":"C:\\Users\\jonathan\\Desktop\\Proyectos\\MIR\\Assesment\\assessment2\\src\\controllers\\listFav.controller.js","statementMap":{"0":{"start":{"line":1,"column":13},"end":{"line":1,"column":44}},"1":{"start":{"line":2,"column":16},"end":{"line":2,"column":50}},"2":{"start":{"line":4,"column":0},"end":{"line":35,"column":2}},"3":{"start":{"line":6,"column":4},"end":{"line":19,"column":5}},"4":{"start":{"line":7,"column":21},"end":{"line":7,"column":29}},"5":{"start":{"line":8,"column":19},"end":{"line":8,"column":46}},"6":{"start":{"line":10,"column":6},"end":{"line":12,"column":7}},"7":{"start":{"line":11,"column":8},"end":{"line":11,"column":40}},"8":{"start":{"line":13,"column":22},"end":{"line":13,"column":71}},"9":{"start":{"line":14,"column":6},"end":{"line":14,"column":34}},"10":{"start":{"line":15,"column":6},"end":{"line":15,"column":53}},"11":{"start":{"line":16,"column":6},"end":{"line":16,"column":71}},"12":{"start":{"line":18,"column":6},"end":{"line":18,"column":55}},"13":{"start":{"line":23,"column":4},"end":{"line":33,"column":5}},"14":{"start":{"line":24,"column":25},"end":{"line":24,"column":35}},"15":{"start":{"line":26,"column":19},"end":{"line":29,"column":7}},"16":{"start":{"line":30,"column":6},"end":{"line":30,"column":66}},"17":{"start":{"line":32,"column":6},"end":{"line":32,"column":55}}},"fnMap":{"0":{"name":"(anonymous_0)","decl":{"start":{"line":5,"column":2},"end":{"line":5,"column":3}},"loc":{"start":{"line":5,"column":25},"end":{"line":20,"column":3}},"line":5},"1":{"name":"(anonymous_1)","decl":{"start":{"line":22,"column":2},"end":{"line":22,"column":3}},"loc":{"start":{"line":22,"column":23},"end":{"line":34,"column":3}},"line":22}},"branchMap":{"0":{"loc":{"start":{"line":10,"column":6},"end":{"line":12,"column":7}},"type":"if","locations":[{"start":{"line":10,"column":6},"end":{"line":12,"column":7}},{"start":{},"end":{}}],"line":10}},"s":{"0":1,"1":1,"2":1,"3":0,"4":0,"5":0,"6":0,"7":0,"8":0,"9":0,"10":0,"11":0,"12":0,"13":0,"14":0,"15":0,"16":0,"17":0},"f":{"0":0,"1":0},"b":{"0":[0,0]},"_coverageSchema":"1a1c01bbd47fc00a2c39e90264f33305004495a9","hash":"c36aade18d4a7849ca17385d5e993e7244e2acc6"}
,"C:\\Users\\jonathan\\Desktop\\Proyectos\\MIR\\Assesment\\assessment2\\src\\controllers\\user.controller.js": {"path":"C:\\Users\\jonathan\\Desktop\\Proyectos\\MIR\\Assesment\\assessment2\\src\\controllers\\user.controller.js","statementMap":{"0":{"start":{"line":1,"column":13},"end":{"line":1,"column":44}},"1":{"start":{"line":2,"column":12},"end":{"line":2,"column":35}},"2":{"start":{"line":3,"column":15},"end":{"line":3,"column":32}},"3":{"start":{"line":5,"column":0},"end":{"line":65,"column":2}},"4":{"start":{"line":7,"column":4},"end":{"line":19,"column":5}},"5":{"start":{"line":8,"column":34},"end":{"line":8,"column":42}},"6":{"start":{"line":10,"column":26},"end":{"line":10,"column":56}},"7":{"start":{"line":11,"column":19},"end":{"line":11,"column":70}},"8":{"start":{"line":13,"column":20},"end":{"line":15,"column":8}},"9":{"start":{"line":16,"column":6},"end":{"line":16,"column":76}},"10":{"start":{"line":18,"column":6},"end":{"line":18,"column":55}},"11":{"start":{"line":23,"column":4},"end":{"line":42,"column":5}},"12":{"start":{"line":24,"column":34},"end":{"line":24,"column":42}},"13":{"start":{"line":25,"column":19},"end":{"line":25,"column":48}},"14":{"start":{"line":27,"column":6},"end":{"line":29,"column":7}},"15":{"start":{"line":28,"column":8},"end":{"line":28,"column":55}},"16":{"start":{"line":30,"column":22},"end":{"line":30,"column":67}},"17":{"start":{"line":32,"column":6},"end":{"line":34,"column":7}},"18":{"start":{"line":33,"column":8},"end":{"line":33,"column":54}},"19":{"start":{"line":36,"column":20},"end":{"line":38,"column":8}},"20":{"start":{"line":39,"column":6},"end":{"line":39,"column":74}},"21":{"start":{"line":41,"column":6},"end":{"line":41,"column":53}},"22":{"start":{"line":46,"column":4},"end":{"line":54,"column":5}},"23":{"start":{"line":47,"column":17},"end":{"line":47,"column":25}},"24":{"start":{"line":48,"column":19},"end":{"line":50,"column":42}},"25":{"start":{"line":51,"column":6},"end":{"line":51,"column":33}},"26":{"start":{"line":53,"column":6},"end":{"line":53,"column":53}}},"fnMap":{"0":{"name":"(anonymous_0)","decl":{"start":{"line":6,"column":2},"end":{"line":6,"column":3}},"loc":{"start":{"line":6,"column":27},"end":{"line":20,"column":3}},"line":6},"1":{"name":"(anonymous_1)","decl":{"start":{"line":22,"column":2},"end":{"line":22,"column":3}},"loc":{"start":{"line":22,"column":24},"end":{"line":43,"column":3}},"line":22},"2":{"name":"(anonymous_2)","decl":{"start":{"line":45,"column":2},"end":{"line":45,"column":3}},"loc":{"start":{"line":45,"column":23},"end":{"line":55,"column":3}},"line":45}},"branchMap":{"0":{"loc":{"start":{"line":27,"column":6},"end":{"line":29,"column":7}},"type":"if","locations":[{"start":{"line":27,"column":6},"end":{"line":29,"column":7}},{"start":{},"end":{}}],"line":27},"1":{"loc":{"start":{"line":32,"column":6},"end":{"line":34,"column":7}},"type":"if","locations":[{"start":{"line":32,"column":6},"end":{"line":34,"column":7}},{"start":{},"end":{}}],"line":32}},"s":{"0":1,"1":1,"2":1,"3":1,"4":4,"5":4,"6":4,"7":4,"8":1,"9":1,"10":3,"11":0,"12":0,"13":0,"14":0,"15":0,"16":0,"17":0,"18":0,"19":0,"20":0,"21":0,"22":0,"23":0,"24":0,"25":0,"26":0},"f":{"0":4,"1":0,"2":0},"b":{"0":[0,0],"1":[0,0]},"_coverageSchema":"1a1c01bbd47fc00a2c39e90264f33305004495a9","hash":"6d227bc8ba2a049cdb34ff6ac5465f77ef961a7c"}
,"C:\\Users\\jonathan\\Desktop\\Proyectos\\MIR\\Assesment\\assessment2\\src\\models\\item.model.js": {"path":"C:\\Users\\jonathan\\Desktop\\Proyectos\\MIR\\Assesment\\assessment2\\src\\models\\item.model.js","statementMap":{"0":{"start":{"line":1,"column":26},"end":{"line":1,"column":45}},"1":{"start":{"line":3,"column":19},"end":{"line":18,"column":1}},"2":{"start":{"line":20,"column":13},"end":{"line":20,"column":38}},"3":{"start":{"line":21,"column":0},"end":{"line":21,"column":22}}},"fnMap":{},"branchMap":{},"s":{"0":1,"1":1,"2":1,"3":1},"f":{},"b":{},"_coverageSchema":"1a1c01bbd47fc00a2c39e90264f33305004495a9","hash":"58850ee361fc7deb3b061239a842bf7451f68f11"}
,"C:\\Users\\jonathan\\Desktop\\Proyectos\\MIR\\Assesment\\assessment2\\src\\models\\listFav.model.js": {"path":"C:\\Users\\jonathan\\Desktop\\Proyectos\\MIR\\Assesment\\assessment2\\src\\models\\listFav.model.js","statementMap":{"0":{"start":{"line":1,"column":26},"end":{"line":1,"column":45}},"1":{"start":{"line":3,"column":22},"end":{"line":16,"column":1}},"2":{"start":{"line":18,"column":16},"end":{"line":18,"column":47}},"3":{"start":{"line":19,"column":0},"end":{"line":19,"column":25}}},"fnMap":{},"branchMap":{},"s":{"0":1,"1":1,"2":1,"3":1},"f":{},"b":{},"_coverageSchema":"1a1c01bbd47fc00a2c39e90264f33305004495a9","hash":"f11cd8c8e4728b5dd91cf1a0f05843025f686cd8"}
,"C:\\Users\\jonathan\\Desktop\\Proyectos\\MIR\\Assesment\\assessment2\\src\\models\\user.model.js": {"path":"C:\\Users\\jonathan\\Desktop\\Proyectos\\MIR\\Assesment\\assessment2\\src\\models\\user.model.js","statementMap":{"0":{"start":{"line":1,"column":34},"end":{"line":1,"column":53}},"1":{"start":{"line":4,"column":2},"end":{"line":4,"column":65}},"2":{"start":{"line":5,"column":19},"end":{"line":5,"column":53}},"3":{"start":{"line":7,"column":19},"end":{"line":39,"column":1}},"4":{"start":{"line":15,"column":10},"end":{"line":20,"column":11}},"5":{"start":{"line":16,"column":25},"end":{"line":16,"column":61}},"6":{"start":{"line":17,"column":12},"end":{"line":17,"column":25}},"7":{"start":{"line":19,"column":12},"end":{"line":19,"column":25}},"8":{"start":{"line":41,"column":13},"end":{"line":41,"column":38}},"9":{"start":{"line":43,"column":0},"end":{"line":43,"column":22}}},"fnMap":{"0":{"name":"(anonymous_0)","decl":{"start":{"line":14,"column":8},"end":{"line":14,"column":9}},"loc":{"start":{"line":14,"column":31},"end":{"line":21,"column":9}},"line":14}},"branchMap":{},"s":{"0":1,"1":1,"2":1,"3":1,"4":3,"5":3,"6":3,"7":0,"8":1,"9":1},"f":{"0":3},"b":{},"_coverageSchema":"1a1c01bbd47fc00a2c39e90264f33305004495a9","hash":"6f3f35c29e85457debc1d146855fa1bd86899d5d"}
,"C:\\Users\\jonathan\\Desktop\\Proyectos\\MIR\\Assesment\\assessment2\\src\\routes\\item.routes.js": {"path":"C:\\Users\\jonathan\\Desktop\\Proyectos\\MIR\\Assesment\\assessment2\\src\\routes\\item.routes.js","statementMap":{"0":{"start":{"line":1,"column":15},"end":{"line":1,"column":42}},"1":{"start":{"line":2,"column":17},"end":{"line":2,"column":41}},"2":{"start":{"line":3,"column":23},"end":{"line":3,"column":64}},"3":{"start":{"line":5,"column":0},"end":{"line":5,"column":59}},"4":{"start":{"line":7,"column":0},"end":{"line":7,"column":24}}},"fnMap":{},"branchMap":{},"s":{"0":1,"1":1,"2":1,"3":1,"4":1},"f":{},"b":{},"_coverageSchema":"1a1c01bbd47fc00a2c39e90264f33305004495a9","hash":"8e00e7cf78f08031d22dd73897ee06727663511a"}
,"C:\\Users\\jonathan\\Desktop\\Proyectos\\MIR\\Assesment\\assessment2\\src\\routes\\listFav.routes.js": {"path":"C:\\Users\\jonathan\\Desktop\\Proyectos\\MIR\\Assesment\\assessment2\\src\\routes\\listFav.routes.js","statementMap":{"0":{"start":{"line":1,"column":15},"end":{"line":1,"column":42}},"1":{"start":{"line":2,"column":17},"end":{"line":2,"column":41}},"2":{"start":{"line":3,"column":26},"end":{"line":3,"column":70}},"3":{"start":{"line":5,"column":0},"end":{"line":5,"column":55}},"4":{"start":{"line":6,"column":0},"end":{"line":6,"column":59}},"5":{"start":{"line":8,"column":0},"end":{"line":8,"column":24}}},"fnMap":{},"branchMap":{},"s":{"0":1,"1":1,"2":1,"3":1,"4":1,"5":1},"f":{},"b":{},"_coverageSchema":"1a1c01bbd47fc00a2c39e90264f33305004495a9","hash":"b7a717255e632e6c92d5aaa1631c413a386aa6c7"}
,"C:\\Users\\jonathan\\Desktop\\Proyectos\\MIR\\Assesment\\assessment2\\src\\routes\\user.routes.js": {"path":"C:\\Users\\jonathan\\Desktop\\Proyectos\\MIR\\Assesment\\assessment2\\src\\routes\\user.routes.js","statementMap":{"0":{"start":{"line":1,"column":15},"end":{"line":1,"column":42}},"1":{"start":{"line":2,"column":24},"end":{"line":2,"column":65}},"2":{"start":{"line":3,"column":17},"end":{"line":3,"column":41}},"3":{"start":{"line":5,"column":0},"end":{"line":5,"column":57}},"4":{"start":{"line":6,"column":0},"end":{"line":6,"column":51}},"5":{"start":{"line":7,"column":0},"end":{"line":7,"column":59}},"6":{"start":{"line":9,"column":0},"end":{"line":9,"column":24}}},"fnMap":{},"branchMap":{},"s":{"0":1,"1":1,"2":1,"3":1,"4":1,"5":1,"6":1},"f":{},"b":{},"_coverageSchema":"1a1c01bbd47fc00a2c39e90264f33305004495a9","hash":"222b8446652df1b6df77fd24faa8dc8bf86d390f"}
,"C:\\Users\\jonathan\\Desktop\\Proyectos\\MIR\\Assesment\\assessment2\\src\\utils\\auth.js": {"path":"C:\\Users\\jonathan\\Desktop\\Proyectos\\MIR\\Assesment\\assessment2\\src\\utils\\auth.js","statementMap":{"0":{"start":{"line":1,"column":12},"end":{"line":1,"column":35}},"1":{"start":{"line":3,"column":0},"end":{"line":31,"column":2}},"2":{"start":{"line":4,"column":2},"end":{"line":30,"column":3}},"3":{"start":{"line":6,"column":30},"end":{"line":6,"column":41}},"4":{"start":{"line":9,"column":4},"end":{"line":11,"column":5}},"5":{"start":{"line":10,"column":6},"end":{"line":10,"column":41}},"6":{"start":{"line":14,"column":23},"end":{"line":14,"column":47}},"7":{"start":{"line":17,"column":4},"end":{"line":19,"column":5}},"8":{"start":{"line":18,"column":6},"end":{"line":18,"column":41}},"9":{"start":{"line":22,"column":19},"end":{"line":22,"column":49}},"10":{"start":{"line":25,"column":4},"end":{"line":25,"column":18}},"11":{"start":{"line":27,"column":4},"end":{"line":27,"column":11}},"12":{"start":{"line":29,"column":4},"end":{"line":29,"column":51}}},"fnMap":{"0":{"name":"(anonymous_0)","decl":{"start":{"line":3,"column":15},"end":{"line":3,"column":16}},"loc":{"start":{"line":3,"column":35},"end":{"line":31,"column":1}},"line":3}},"branchMap":{"0":{"loc":{"start":{"line":9,"column":4},"end":{"line":11,"column":5}},"type":"if","locations":[{"start":{"line":9,"column":4},"end":{"line":11,"column":5}},{"start":{},"end":{}}],"line":9},"1":{"loc":{"start":{"line":17,"column":4},"end":{"line":19,"column":5}},"type":"if","locations":[{"start":{"line":17,"column":4},"end":{"line":19,"column":5}},{"start":{},"end":{}}],"line":17}},"s":{"0":1,"1":1,"2":0,"3":0,"4":0,"5":0,"6":0,"7":0,"8":0,"9":0,"10":0,"11":0,"12":0},"f":{"0":0},"b":{"0":[0,0],"1":[0,0]},"_coverageSchema":"1a1c01bbd47fc00a2c39e90264f33305004495a9","hash":"56427af62a735372e8f5880eeebc69fb9501940a"}
}
