{"C:\\Users\\jonathan\\Desktop\\Proyectos\\MIR\\Assesment\\assessment2\\src\\app.js": {"path":"C:\\Users\\jonathan\\Desktop\\Proyectos\\MIR\\Assesment\\assessment2\\src\\app.js","statementMap":{"0":{"start":{"line":1,"column":0},"end":{"line":1,"column":27}},"1":{"start":{"line":3,"column":16},"end":{"line":3,"column":34}},"2":{"start":{"line":4,"column":13},"end":{"line":4,"column":28}},"3":{"start":{"line":5,"column":19},"end":{"line":5,"column":50}},"4":{"start":{"line":6,"column":22},"end":{"line":6,"column":56}},"5":{"start":{"line":7,"column":19},"end":{"line":7,"column":50}},"6":{"start":{"line":9,"column":12},"end":{"line":9,"column":21}},"7":{"start":{"line":11,"column":0},"end":{"line":11,"column":24}},"8":{"start":{"line":12,"column":0},"end":{"line":12,"column":16}},"9":{"start":{"line":14,"column":0},"end":{"line":14,"column":30}},"10":{"start":{"line":15,"column":0},"end":{"line":15,"column":32}},"11":{"start":{"line":16,"column":0},"end":{"line":16,"column":30}},"12":{"start":{"line":18,"column":0},"end":{"line":18,"column":21}}},"fnMap":{},"branchMap":{},"s":{"0":2,"1":2,"2":2,"3":2,"4":2,"5":2,"6":2,"7":2,"8":2,"9":2,"10":2,"11":2,"12":2},"f":{},"b":{},"_coverageSchema":"1a1c01bbd47fc00a2c39e90264f33305004495a9","hash":"ab311378b2f5bc693e553688e4151dfdd2bcb79f"}
,"C:\\Users\\jonathan\\Desktop\\Proyectos\\MIR\\Assesment\\assessment2\\src\\db.js": {"path":"C:\\Users\\jonathan\\Desktop\\Proyectos\\MIR\\Assesment\\assessment2\\src\\db.js","statementMap":{"0":{"start":{"line":1,"column":17},"end":{"line":1,"column":36}},"1":{"start":{"line":6,"column":2},"end":{"line":6,"column":25}},"2":{"start":{"line":6,"column":18},"end":{"line":6,"column":25}},"3":{"start":{"line":8,"column":14},"end":{"line":8,"column":77}},"4":{"start":{"line":10,"column":18},"end":{"line":13,"column":3}},"5":{"start":{"line":15,"column":2},"end":{"line":15,"column":35}},"6":{"start":{"line":17,"column":2},"end":{"line":19,"column":4}},"7":{"start":{"line":18,"column":4},"end":{"line":18,"column":54}},"8":{"start":{"line":20,"column":2},"end":{"line":20,"column":79}},"9":{"start":{"line":20,"column":38},"end":{"line":20,"column":77}},"10":{"start":{"line":21,"column":2},"end":{"line":21,"column":76}},"11":{"start":{"line":21,"column":34},"end":{"line":21,"column":74}},"12":{"start":{"line":23,"column":2},"end":{"line":23,"column":39}},"13":{"start":{"line":27,"column":2},"end":{"line":27,"column":26}},"14":{"start":{"line":27,"column":19},"end":{"line":27,"column":26}},"15":{"start":{"line":29,"column":2},"end":{"line":29,"column":30}},"16":{"start":{"line":33,"column":2},"end":{"line":35,"column":3}},"17":{"start":{"line":34,"column":4},"end":{"line":34,"column":60}},"18":{"start":{"line":38,"column":0},"end":{"line":38,"column":52}}},"fnMap":{"0":{"name":"connect","decl":{"start":{"line":5,"column":15},"end":{"line":5,"column":22}},"loc":{"start":{"line":5,"column":25},"end":{"line":24,"column":1}},"line":5},"1":{"name":"(anonymous_1)","decl":{"start":{"line":17,"column":26},"end":{"line":17,"column":27}},"loc":{"start":{"line":18,"column":4},"end":{"line":18,"column":54}},"line":18},"2":{"name":"(anonymous_2)","decl":{"start":{"line":20,"column":32},"end":{"line":20,"column":33}},"loc":{"start":{"line":20,"column":38},"end":{"line":20,"column":77}},"line":20},"3":{"name":"(anonymous_3)","decl":{"start":{"line":21,"column":25},"end":{"line":21,"column":26}},"loc":{"start":{"line":21,"column":34},"end":{"line":21,"column":74}},"line":21},"4":{"name":"disconnected","decl":{"start":{"line":26,"column":15},"end":{"line":26,"column":27}},"loc":{"start":{"line":26,"column":30},"end":{"line":30,"column":1}},"line":26},"5":{"name":"cleanup","decl":{"start":{"line":32,"column":15},"end":{"line":32,"column":22}},"loc":{"start":{"line":32,"column":25},"end":{"line":36,"column":1}},"line":32}},"branchMap":{"0":{"loc":{"start":{"line":6,"column":2},"end":{"line":6,"column":25}},"type":"if","locations":[{"start":{"line":6,"column":2},"end":{"line":6,"column":25}},{"start":{},"end":{}}],"line":6},"1":{"loc":{"start":{"line":8,"column":14},"end":{"line":8,"column":77}},"type":"binary-expr","locations":[{"start":{"line":8,"column":14},"end":{"line":8,"column":35}},{"start":{"line":8,"column":39},"end":{"line":8,"column":77}}],"line":8},"2":{"loc":{"start":{"line":27,"column":2},"end":{"line":27,"column":26}},"type":"if","locations":[{"start":{"line":27,"column":2},"end":{"line":27,"column":26}},{"start":{},"end":{}}],"line":27}},"s":{"0":3,"1":3,"2":0,"3":3,"4":3,"5":3,"6":3,"7":3,"8":3,"9":3,"10":3,"11":0,"12":3,"13":3,"14":0,"15":3,"16":13,"17":36,"18":3},"f":{"0":3,"1":3,"2":3,"3":0,"4":3,"5":13},"b":{"0":[0,3],"1":[3,0],"2":[0,3]},"_coverageSchema":"1a1c01bbd47fc00a2c39e90264f33305004495a9","hash":"0f04d43225522d64ab6fca98478ad87b561192bd"}
,"C:\\Users\\jonathan\\Desktop\\Proyectos\\MIR\\Assesment\\assessment2\\src\\controllers\\item.controller.js": {"path":"C:\\Users\\jonathan\\Desktop\\Proyectos\\MIR\\Assesment\\assessment2\\src\\controllers\\item.controller.js","statementMap":{"0":{"start":{"line":1,"column":16},"end":{"line":1,"column":50}},"1":{"start":{"line":2,"column":13},"end":{"line":2,"column":44}},"2":{"start":{"line":4,"column":0},"end":{"line":27,"column":2}},"3":{"start":{"line":6,"column":4},"end":{"line":17,"column":5}},"4":{"start":{"line":7,"column":25},"end":{"line":7,"column":35}},"5":{"start":{"line":9,"column":22},"end":{"line":9,"column":52}},"6":{"start":{"line":11,"column":19},"end":{"line":11,"column":71}},"7":{"start":{"line":12,"column":6},"end":{"line":12,"column":31}},"8":{"start":{"line":13,"column":6},"end":{"line":13,"column":56}},"9":{"start":{"line":14,"column":6},"end":{"line":14,"column":68}},"10":{"start":{"line":16,"column":6},"end":{"line":16,"column":55}},"11":{"start":{"line":20,"column":4},"end":{"line":25,"column":5}},"12":{"start":{"line":21,"column":19},"end":{"line":21,"column":36}},"13":{"start":{"line":22,"column":6},"end":{"line":22,"column":67}},"14":{"start":{"line":24,"column":6},"end":{"line":24,"column":55}}},"fnMap":{"0":{"name":"(anonymous_0)","decl":{"start":{"line":5,"column":2},"end":{"line":5,"column":3}},"loc":{"start":{"line":5,"column":25},"end":{"line":18,"column":3}},"line":5},"1":{"name":"(anonymous_1)","decl":{"start":{"line":19,"column":2},"end":{"line":19,"column":3}},"loc":{"start":{"line":19,"column":23},"end":{"line":26,"column":3}},"line":19}},"branchMap":{},"s":{"0":2,"1":2,"2":2,"3":0,"4":0,"5":0,"6":0,"7":0,"8":0,"9":0,"10":0,"11":0,"12":0,"13":0,"14":0},"f":{"0":0,"1":0},"b":{},"_coverageSchema":"1a1c01bbd47fc00a2c39e90264f33305004495a9","hash":"27f9dc77a7c5ffad5dbd9c62d85c61cb2eb88d1d"}
,"C:\\Users\\jonathan\\Desktop\\Proyectos\\MIR\\Assesment\\assessment2\\src\\controllers\\listFav.controller.js": {"path":"C:\\Users\\jonathan\\Desktop\\Proyectos\\MIR\\Assesment\\assessment2\\src\\controllers\\listFav.controller.js","statementMap":{"0":{"start":{"line":1,"column":13},"end":{"line":1,"column":44}},"1":{"start":{"line":2,"column":16},"end":{"line":2,"column":50}},"2":{"start":{"line":4,"column":0},"end":{"line":58,"column":2}},"3":{"start":{"line":6,"column":4},"end":{"line":19,"column":5}},"4":{"start":{"line":7,"column":21},"end":{"line":7,"column":29}},"5":{"start":{"line":8,"column":19},"end":{"line":8,"column":46}},"6":{"start":{"line":10,"column":6},"end":{"line":12,"column":7}},"7":{"start":{"line":11,"column":8},"end":{"line":11,"column":40}},"8":{"start":{"line":13,"column":22},"end":{"line":13,"column":71}},"9":{"start":{"line":14,"column":6},"end":{"line":14,"column":34}},"10":{"start":{"line":15,"column":6},"end":{"line":15,"column":53}},"11":{"start":{"line":16,"column":6},"end":{"line":16,"column":71}},"12":{"start":{"line":18,"column":6},"end":{"line":18,"column":55}},"13":{"start":{"line":23,"column":4},"end":{"line":36,"column":5}},"14":{"start":{"line":24,"column":25},"end":{"line":24,"column":35}},"15":{"start":{"line":26,"column":19},"end":{"line":29,"column":7}},"16":{"start":{"line":30,"column":6},"end":{"line":32,"column":7}},"17":{"start":{"line":31,"column":8},"end":{"line":31,"column":46}},"18":{"start":{"line":33,"column":6},"end":{"line":33,"column":66}},"19":{"start":{"line":35,"column":6},"end":{"line":35,"column":55}},"20":{"start":{"line":40,"column":4},"end":{"line":56,"column":5}},"21":{"start":{"line":44,"column":10},"end":{"line":44,"column":13}},"22":{"start":{"line":49,"column":19},"end":{"line":49,"column":65}},"23":{"start":{"line":51,"column":6},"end":{"line":51,"column":59}},"24":{"start":{"line":51,"column":30},"end":{"line":51,"column":59}},"25":{"start":{"line":53,"column":6},"end":{"line":53,"column":80}},"26":{"start":{"line":55,"column":6},"end":{"line":55,"column":55}}},"fnMap":{"0":{"name":"(anonymous_0)","decl":{"start":{"line":5,"column":2},"end":{"line":5,"column":3}},"loc":{"start":{"line":5,"column":25},"end":{"line":20,"column":3}},"line":5},"1":{"name":"(anonymous_1)","decl":{"start":{"line":22,"column":2},"end":{"line":22,"column":3}},"loc":{"start":{"line":22,"column":23},"end":{"line":37,"column":3}},"line":22},"2":{"name":"(anonymous_2)","decl":{"start":{"line":39,"column":2},"end":{"line":39,"column":3}},"loc":{"start":{"line":39,"column":26},"end":{"line":57,"column":3}},"line":39}},"branchMap":{"0":{"loc":{"start":{"line":10,"column":6},"end":{"line":12,"column":7}},"type":"if","locations":[{"start":{"line":10,"column":6},"end":{"line":12,"column":7}},{"start":{},"end":{}}],"line":10},"1":{"loc":{"start":{"line":30,"column":6},"end":{"line":32,"column":7}},"type":"if","locations":[{"start":{"line":30,"column":6},"end":{"line":32,"column":7}},{"start":{},"end":{}}],"line":30},"2":{"loc":{"start":{"line":51,"column":6},"end":{"line":51,"column":59}},"type":"if","locations":[{"start":{"line":51,"column":6},"end":{"line":51,"column":59}},{"start":{},"end":{}}],"line":51}},"s":{"0":2,"1":2,"2":2,"3":1,"4":1,"5":1,"6":1,"7":0,"8":1,"9":1,"10":1,"11":1,"12":0,"13":0,"14":0,"15":0,"16":0,"17":0,"18":0,"19":0,"20":1,"21":1,"22":1,"23":1,"24":0,"25":1,"26":0},"f":{"0":1,"1":0,"2":1},"b":{"0":[0,1],"1":[0,0],"2":[0,1]},"_coverageSchema":"1a1c01bbd47fc00a2c39e90264f33305004495a9","hash":"d63d8d900b1ec71f1053e461f30fc28b2e193713"}
,"C:\\Users\\jonathan\\Desktop\\Proyectos\\MIR\\Assesment\\assessment2\\src\\controllers\\user.controller.js": {"path":"C:\\Users\\jonathan\\Desktop\\Proyectos\\MIR\\Assesment\\assessment2\\src\\controllers\\user.controller.js","statementMap":{"0":{"start":{"line":1,"column":13},"end":{"line":1,"column":44}},"1":{"start":{"line":2,"column":12},"end":{"line":2,"column":35}},"2":{"start":{"line":3,"column":15},"end":{"line":3,"column":32}},"3":{"start":{"line":5,"column":2},"end":{"line":5,"column":65}},"4":{"start":{"line":7,"column":0},"end":{"line":70,"column":2}},"5":{"start":{"line":9,"column":4},"end":{"line":24,"column":5}},"6":{"start":{"line":10,"column":34},"end":{"line":10,"column":42}},"7":{"start":{"line":11,"column":25},"end":{"line":11,"column":49}},"8":{"start":{"line":12,"column":6},"end":{"line":14,"column":7}},"9":{"start":{"line":13,"column":8},"end":{"line":13,"column":45}},"10":{"start":{"line":15,"column":26},"end":{"line":15,"column":56}},"11":{"start":{"line":16,"column":19},"end":{"line":16,"column":70}},"12":{"start":{"line":18,"column":20},"end":{"line":20,"column":8}},"13":{"start":{"line":21,"column":6},"end":{"line":21,"column":76}},"14":{"start":{"line":23,"column":6},"end":{"line":23,"column":55}},"15":{"start":{"line":28,"column":4},"end":{"line":47,"column":5}},"16":{"start":{"line":29,"column":34},"end":{"line":29,"column":42}},"17":{"start":{"line":30,"column":19},"end":{"line":30,"column":48}},"18":{"start":{"line":32,"column":6},"end":{"line":34,"column":7}},"19":{"start":{"line":33,"column":8},"end":{"line":33,"column":55}},"20":{"start":{"line":35,"column":22},"end":{"line":35,"column":67}},"21":{"start":{"line":37,"column":6},"end":{"line":39,"column":7}},"22":{"start":{"line":38,"column":8},"end":{"line":38,"column":54}},"23":{"start":{"line":41,"column":20},"end":{"line":43,"column":8}},"24":{"start":{"line":44,"column":6},"end":{"line":44,"column":74}},"25":{"start":{"line":46,"column":6},"end":{"line":46,"column":53}},"26":{"start":{"line":51,"column":4},"end":{"line":59,"column":5}},"27":{"start":{"line":52,"column":17},"end":{"line":52,"column":25}},"28":{"start":{"line":53,"column":19},"end":{"line":55,"column":42}},"29":{"start":{"line":56,"column":6},"end":{"line":56,"column":33}},"30":{"start":{"line":58,"column":6},"end":{"line":58,"column":53}}},"fnMap":{"0":{"name":"(anonymous_0)","decl":{"start":{"line":8,"column":2},"end":{"line":8,"column":3}},"loc":{"start":{"line":8,"column":27},"end":{"line":25,"column":3}},"line":8},"1":{"name":"(anonymous_1)","decl":{"start":{"line":27,"column":2},"end":{"line":27,"column":3}},"loc":{"start":{"line":27,"column":24},"end":{"line":48,"column":3}},"line":27},"2":{"name":"(anonymous_2)","decl":{"start":{"line":50,"column":2},"end":{"line":50,"column":3}},"loc":{"start":{"line":50,"column":23},"end":{"line":60,"column":3}},"line":50}},"branchMap":{"0":{"loc":{"start":{"line":12,"column":6},"end":{"line":14,"column":7}},"type":"if","locations":[{"start":{"line":12,"column":6},"end":{"line":14,"column":7}},{"start":{},"end":{}}],"line":12},"1":{"loc":{"start":{"line":32,"column":6},"end":{"line":34,"column":7}},"type":"if","locations":[{"start":{"line":32,"column":6},"end":{"line":34,"column":7}},{"start":{},"end":{}}],"line":32},"2":{"loc":{"start":{"line":37,"column":6},"end":{"line":39,"column":7}},"type":"if","locations":[{"start":{"line":37,"column":6},"end":{"line":39,"column":7}},{"start":{},"end":{}}],"line":37}},"s":{"0":2,"1":2,"2":2,"3":2,"4":2,"5":8,"6":8,"7":8,"8":8,"9":1,"10":7,"11":7,"12":4,"13":4,"14":4,"15":3,"16":3,"17":3,"18":3,"19":1,"20":2,"21":2,"22":1,"23":1,"24":1,"25":2,"26":0,"27":0,"28":0,"29":0,"30":0},"f":{"0":8,"1":3,"2":0},"b":{"0":[1,7],"1":[1,2],"2":[1,1]},"_coverageSchema":"1a1c01bbd47fc00a2c39e90264f33305004495a9","hash":"62e4bc7e5b7fb6d7eaf0d873f0a04accccd7ad3c"}
,"C:\\Users\\jonathan\\Desktop\\Proyectos\\MIR\\Assesment\\assessment2\\src\\models\\item.model.js": {"path":"C:\\Users\\jonathan\\Desktop\\Proyectos\\MIR\\Assesment\\assessment2\\src\\models\\item.model.js","statementMap":{"0":{"start":{"line":1,"column":26},"end":{"line":1,"column":45}},"1":{"start":{"line":2,"column":16},"end":{"line":2,"column":42}},"2":{"start":{"line":4,"column":19},"end":{"line":19,"column":1}},"3":{"start":{"line":20,"column":0},"end":{"line":26,"column":3}},"4":{"start":{"line":21,"column":2},"end":{"line":25,"column":3}},"5":{"start":{"line":22,"column":4},"end":{"line":22,"column":65}},"6":{"start":{"line":24,"column":4},"end":{"line":24,"column":16}},"7":{"start":{"line":27,"column":13},"end":{"line":27,"column":38}},"8":{"start":{"line":28,"column":0},"end":{"line":28,"column":22}}},"fnMap":{"0":{"name":"(anonymous_0)","decl":{"start":{"line":20,"column":28},"end":{"line":20,"column":29}},"loc":{"start":{"line":20,"column":50},"end":{"line":26,"column":1}},"line":20}},"branchMap":{},"s":{"0":2,"1":2,"2":2,"3":2,"4":0,"5":0,"6":0,"7":2,"8":2},"f":{"0":0},"b":{},"_coverageSchema":"1a1c01bbd47fc00a2c39e90264f33305004495a9","hash":"401ad2a488d0ce5133ffc0cc33a133b5e45d8963"}
,"C:\\Users\\jonathan\\Desktop\\Proyectos\\MIR\\Assesment\\assessment2\\src\\models\\listFav.model.js": {"path":"C:\\Users\\jonathan\\Desktop\\Proyectos\\MIR\\Assesment\\assessment2\\src\\models\\listFav.model.js","statementMap":{"0":{"start":{"line":1,"column":26},"end":{"line":1,"column":45}},"1":{"start":{"line":3,"column":22},"end":{"line":16,"column":1}},"2":{"start":{"line":18,"column":16},"end":{"line":18,"column":47}},"3":{"start":{"line":19,"column":0},"end":{"line":19,"column":25}}},"fnMap":{},"branchMap":{},"s":{"0":2,"1":2,"2":2,"3":2},"f":{},"b":{},"_coverageSchema":"1a1c01bbd47fc00a2c39e90264f33305004495a9","hash":"f11cd8c8e4728b5dd91cf1a0f05843025f686cd8"}
,"C:\\Users\\jonathan\\Desktop\\Proyectos\\MIR\\Assesment\\assessment2\\src\\models\\user.model.js": {"path":"C:\\Users\\jonathan\\Desktop\\Proyectos\\MIR\\Assesment\\assessment2\\src\\models\\user.model.js","statementMap":{"0":{"start":{"line":1,"column":34},"end":{"line":1,"column":53}},"1":{"start":{"line":3,"column":19},"end":{"line":3,"column":53}},"2":{"start":{"line":5,"column":19},"end":{"line":36,"column":1}},"3":{"start":{"line":13,"column":10},"end":{"line":18,"column":11}},"4":{"start":{"line":14,"column":25},"end":{"line":14,"column":61}},"5":{"start":{"line":15,"column":12},"end":{"line":15,"column":25}},"6":{"start":{"line":17,"column":12},"end":{"line":17,"column":25}},"7":{"start":{"line":38,"column":13},"end":{"line":38,"column":38}},"8":{"start":{"line":40,"column":0},"end":{"line":40,"column":22}}},"fnMap":{"0":{"name":"(anonymous_0)","decl":{"start":{"line":12,"column":8},"end":{"line":12,"column":9}},"loc":{"start":{"line":12,"column":31},"end":{"line":19,"column":9}},"line":12}},"branchMap":{},"s":{"0":2,"1":2,"2":2,"3":10,"4":10,"5":10,"6":0,"7":2,"8":2},"f":{"0":10},"b":{},"_coverageSchema":"1a1c01bbd47fc00a2c39e90264f33305004495a9","hash":"b514373335dfdfed3276745fce6d37c75986725c"}
,"C:\\Users\\jonathan\\Desktop\\Proyectos\\MIR\\Assesment\\assessment2\\src\\routes\\item.routes.js": {"path":"C:\\Users\\jonathan\\Desktop\\Proyectos\\MIR\\Assesment\\assessment2\\src\\routes\\item.routes.js","statementMap":{"0":{"start":{"line":1,"column":15},"end":{"line":1,"column":42}},"1":{"start":{"line":2,"column":17},"end":{"line":2,"column":41}},"2":{"start":{"line":3,"column":23},"end":{"line":3,"column":64}},"3":{"start":{"line":5,"column":0},"end":{"line":5,"column":59}},"4":{"start":{"line":6,"column":0},"end":{"line":6,"column":49}},"5":{"start":{"line":8,"column":0},"end":{"line":8,"column":24}}},"fnMap":{},"branchMap":{},"s":{"0":2,"1":2,"2":2,"3":2,"4":2,"5":2},"f":{},"b":{},"_coverageSchema":"1a1c01bbd47fc00a2c39e90264f33305004495a9","hash":"f0fad173af5c1e61c3b8b2aa1b2c1b5c911931cf"}
,"C:\\Users\\jonathan\\Desktop\\Proyectos\\MIR\\Assesment\\assessment2\\src\\routes\\listFav.routes.js": {"path":"C:\\Users\\jonathan\\Desktop\\Proyectos\\MIR\\Assesment\\assessment2\\src\\routes\\listFav.routes.js","statementMap":{"0":{"start":{"line":1,"column":15},"end":{"line":1,"column":42}},"1":{"start":{"line":2,"column":17},"end":{"line":2,"column":41}},"2":{"start":{"line":3,"column":26},"end":{"line":3,"column":70}},"3":{"start":{"line":5,"column":0},"end":{"line":5,"column":55}},"4":{"start":{"line":6,"column":0},"end":{"line":6,"column":59}},"5":{"start":{"line":7,"column":0},"end":{"line":7,"column":65}},"6":{"start":{"line":9,"column":0},"end":{"line":9,"column":24}}},"fnMap":{},"branchMap":{},"s":{"0":2,"1":2,"2":2,"3":2,"4":2,"5":2,"6":2},"f":{},"b":{},"_coverageSchema":"1a1c01bbd47fc00a2c39e90264f33305004495a9","hash":"cd902c27846d1143c3364715bd6f3abda562de8d"}
,"C:\\Users\\jonathan\\Desktop\\Proyectos\\MIR\\Assesment\\assessment2\\src\\routes\\user.routes.js": {"path":"C:\\Users\\jonathan\\Desktop\\Proyectos\\MIR\\Assesment\\assessment2\\src\\routes\\user.routes.js","statementMap":{"0":{"start":{"line":1,"column":15},"end":{"line":1,"column":42}},"1":{"start":{"line":2,"column":24},"end":{"line":2,"column":65}},"2":{"start":{"line":3,"column":17},"end":{"line":3,"column":41}},"3":{"start":{"line":5,"column":0},"end":{"line":5,"column":57}},"4":{"start":{"line":6,"column":0},"end":{"line":6,"column":51}},"5":{"start":{"line":7,"column":0},"end":{"line":7,"column":59}},"6":{"start":{"line":9,"column":0},"end":{"line":9,"column":24}}},"fnMap":{},"branchMap":{},"s":{"0":2,"1":2,"2":2,"3":2,"4":2,"5":2,"6":2},"f":{},"b":{},"_coverageSchema":"1a1c01bbd47fc00a2c39e90264f33305004495a9","hash":"222b8446652df1b6df77fd24faa8dc8bf86d390f"}
,"C:\\Users\\jonathan\\Desktop\\Proyectos\\MIR\\Assesment\\assessment2\\src\\utils\\auth.js": {"path":"C:\\Users\\jonathan\\Desktop\\Proyectos\\MIR\\Assesment\\assessment2\\src\\utils\\auth.js","statementMap":{"0":{"start":{"line":1,"column":12},"end":{"line":1,"column":35}},"1":{"start":{"line":3,"column":0},"end":{"line":31,"column":2}},"2":{"start":{"line":4,"column":2},"end":{"line":30,"column":3}},"3":{"start":{"line":6,"column":30},"end":{"line":6,"column":41}},"4":{"start":{"line":9,"column":4},"end":{"line":11,"column":5}},"5":{"start":{"line":10,"column":6},"end":{"line":10,"column":41}},"6":{"start":{"line":14,"column":23},"end":{"line":14,"column":47}},"7":{"start":{"line":17,"column":4},"end":{"line":19,"column":5}},"8":{"start":{"line":18,"column":6},"end":{"line":18,"column":41}},"9":{"start":{"line":22,"column":19},"end":{"line":22,"column":56}},"10":{"start":{"line":25,"column":4},"end":{"line":25,"column":18}},"11":{"start":{"line":27,"column":4},"end":{"line":27,"column":11}},"12":{"start":{"line":29,"column":4},"end":{"line":29,"column":51}}},"fnMap":{"0":{"name":"(anonymous_0)","decl":{"start":{"line":3,"column":15},"end":{"line":3,"column":16}},"loc":{"start":{"line":3,"column":35},"end":{"line":31,"column":1}},"line":3}},"branchMap":{"0":{"loc":{"start":{"line":9,"column":4},"end":{"line":11,"column":5}},"type":"if","locations":[{"start":{"line":9,"column":4},"end":{"line":11,"column":5}},{"start":{},"end":{}}],"line":9},"1":{"loc":{"start":{"line":17,"column":4},"end":{"line":19,"column":5}},"type":"if","locations":[{"start":{"line":17,"column":4},"end":{"line":19,"column":5}},{"start":{},"end":{}}],"line":17}},"s":{"0":2,"1":2,"2":4,"3":4,"4":4,"5":1,"6":3,"7":3,"8":1,"9":2,"10":2,"11":2,"12":2},"f":{"0":4},"b":{"0":[1,3],"1":[1,2]},"_coverageSchema":"1a1c01bbd47fc00a2c39e90264f33305004495a9","hash":"2ac5450d3b780bfc6f360bab1433d7708eef4f50"}
}
