TN:
SF:src\app.js
FNF:0
FNH:0
DA:1,2
DA:3,2
DA:4,2
DA:5,2
DA:6,2
DA:7,2
DA:9,2
DA:11,2
DA:12,2
DA:14,2
DA:15,2
DA:16,2
DA:18,2
LF:13
LH:13
BRF:0
BRH:0
end_of_record
TN:
SF:src\db.js
FN:5,connect
FN:17,(anonymous_1)
FN:20,(anonymous_2)
FN:21,(anonymous_3)
FN:26,disconnected
FN:32,cleanup
FNF:6
FNH:5
FNDA:3,connect
FNDA:3,(anonymous_1)
FNDA:3,(anonymous_2)
FNDA:0,(anonymous_3)
FNDA:3,disconnected
FNDA:13,cleanup
DA:1,3
DA:6,3
DA:8,3
DA:10,3
DA:15,3
DA:17,3
DA:18,3
DA:20,3
DA:21,3
DA:23,3
DA:27,3
DA:29,3
DA:33,13
DA:34,36
DA:38,3
LF:15
LH:15
BRDA:6,0,0,0
BRDA:6,0,1,3
BRDA:8,1,0,3
BRDA:8,1,1,0
BRDA:27,2,0,0
BRDA:27,2,1,3
BRF:6
BRH:3
end_of_record
TN:
SF:src\controllers\item.controller.js
FN:5,(anonymous_0)
FNF:1
FNH:0
FNDA:0,(anonymous_0)
DA:1,2
DA:2,2
DA:4,2
DA:6,0
DA:7,0
DA:9,0
DA:11,0
DA:12,0
DA:13,0
DA:14,0
DA:16,0
LF:11
LH:3
BRF:0
BRH:0
end_of_record
TN:
SF:src\controllers\listFav.controller.js
FN:5,(anonymous_0)
FN:22,(anonymous_1)
FN:39,(anonymous_2)
FNF:3
FNH:2
FNDA:1,(anonymous_0)
FNDA:0,(anonymous_1)
FNDA:1,(anonymous_2)
DA:1,2
DA:2,2
DA:4,2
DA:6,1
DA:7,1
DA:8,1
DA:10,1
DA:11,0
DA:13,1
DA:14,1
DA:15,1
DA:16,1
DA:18,0
DA:23,0
DA:24,0
DA:26,0
DA:30,0
DA:31,0
DA:33,0
DA:35,0
DA:40,1
DA:44,1
DA:49,1
DA:51,1
DA:53,1
DA:55,0
LF:26
LH:16
BRDA:10,0,0,0
BRDA:10,0,1,1
BRDA:30,1,0,0
BRDA:30,1,1,0
BRDA:51,2,0,0
BRDA:51,2,1,1
BRF:6
BRH:2
end_of_record
TN:
SF:src\controllers\user.controller.js
FN:8,(anonymous_0)
FN:27,(anonymous_1)
FN:50,(anonymous_2)
FNF:3
FNH:2
FNDA:8,(anonymous_0)
FNDA:3,(anonymous_1)
FNDA:0,(anonymous_2)
DA:1,2
DA:2,2
DA:3,2
DA:5,2
DA:7,2
DA:9,8
DA:10,8
DA:11,8
DA:12,8
DA:13,1
DA:15,7
DA:16,7
DA:18,4
DA:21,4
DA:23,4
DA:28,3
DA:29,3
DA:30,3
DA:32,3
DA:33,1
DA:35,2
DA:37,2
DA:38,1
DA:41,1
DA:44,1
DA:46,2
DA:51,0
DA:52,0
DA:53,0
DA:56,0
DA:58,0
LF:31
LH:26
BRDA:12,0,0,1
BRDA:12,0,1,7
BRDA:32,1,0,1
BRDA:32,1,1,2
BRDA:37,2,0,1
BRDA:37,2,1,1
BRF:6
BRH:6
end_of_record
TN:
SF:src\models\item.model.js
FN:20,(anonymous_0)
FNF:1
FNH:0
FNDA:0,(anonymous_0)
DA:1,2
DA:2,2
DA:4,2
DA:20,2
DA:21,0
DA:22,0
DA:24,0
DA:27,2
DA:28,2
LF:9
LH:6
BRF:0
BRH:0
end_of_record
TN:
SF:src\models\listFav.model.js
FNF:0
FNH:0
DA:1,2
DA:3,2
DA:18,2
DA:19,2
LF:4
LH:4
BRF:0
BRH:0
end_of_record
TN:
SF:src\models\user.model.js
FN:12,(anonymous_0)
FNF:1
FNH:1
FNDA:10,(anonymous_0)
DA:1,2
DA:3,2
DA:5,2
DA:13,10
DA:14,10
DA:15,10
DA:17,0
DA:38,2
DA:40,2
LF:9
LH:8
BRF:0
BRH:0
end_of_record
TN:
SF:src\routes\item.routes.js
FNF:0
FNH:0
DA:1,2
DA:2,2
DA:3,2
DA:5,2
DA:7,2
LF:5
LH:5
BRF:0
BRH:0
end_of_record
TN:
SF:src\routes\listFav.routes.js
FNF:0
FNH:0
DA:1,2
DA:2,2
DA:3,2
DA:5,2
DA:6,2
DA:7,2
DA:9,2
LF:7
LH:7
BRF:0
BRH:0
end_of_record
TN:
SF:src\routes\user.routes.js
FNF:0
FNH:0
DA:1,2
DA:2,2
DA:3,2
DA:5,2
DA:6,2
DA:7,2
DA:9,2
LF:7
LH:7
BRF:0
BRH:0
end_of_record
TN:
SF:src\utils\auth.js
FN:3,(anonymous_0)
FNF:1
FNH:1
FNDA:4,(anonymous_0)
DA:1,2
DA:3,2
DA:4,4
DA:6,4
DA:9,4
DA:10,1
DA:14,3
DA:17,3
DA:18,1
DA:22,2
DA:25,2
DA:27,2
DA:29,2
LF:13
LH:13
BRDA:9,0,0,1
BRDA:9,0,1,3
BRDA:17,1,0,1
BRDA:17,1,1,2
BRF:4
BRH:4
end_of_record
